<?xml version="1.0" encoding="UTF-8"?>
<!-- Generated by org.testng.reporters.JUnitReportReporter -->
<testsuite skipped="0" hostname="Yvonnes-MacBook-Pro.local" name="com.phpTravels.qa.testcases.HomePageTest" tests="1" failures="0" timestamp="24 Apr 2018 18:00:10 GMT" time="23.938" errors="0">
  <testcase name="quickHomePageHotelLinkPageTest" time="23.938" classname="com.phpTravels.qa.testcases.HomePageTest"/>
</testsuite> <!-- com.phpTravels.qa.testcases.HomePageTest -->
