<?xml version="1.0" encoding="UTF-8"?>
<!-- Generated by org.testng.reporters.JUnitReportReporter -->
<testsuite skipped="0" hostname="Yvonnes-MacBook-Pro.local" name="com.phpTravels.qa.testcases.HomePageTest" tests="1" failures="0" timestamp="24 Apr 2018 16:33:25 GMT" time="14.564" errors="0">
  <testcase name="quickHomePageHotelLinkPageTest" time="14.564" classname="com.phpTravels.qa.testcases.HomePageTest"/>
</testsuite> <!-- com.phpTravels.qa.testcases.HomePageTest -->
