<?xml version="1.0" encoding="UTF-8"?>
<!-- Generated by org.testng.reporters.JUnitReportReporter -->
<testsuite name="com.phpTravels.PHPTravels.SearchHotels" tests="1" time="29.204" ignored="0" failures="0" timestamp="02 Feb 2018 22:41:46 GMT" skipped="0" hostname="Yvonnes-MBP" errors="0">
  <testcase name="searchHotel" time="29.204" classname="com.phpTravels.PHPTravels.SearchHotels"/>
</testsuite> <!-- com.phpTravels.PHPTravels.SearchHotels -->
