<?xml version="1.0" encoding="UTF-8"?>
<!-- Generated by org.testng.reporters.JUnitReportReporter -->
<testsuite name="com.phpTravels.PHPTravels.SearchHotel2" tests="1" time="15.225" ignored="0" failures="0" timestamp="02 Feb 2018 22:07:16 GMT" skipped="0" hostname="Yvonnes-MBP" errors="0">
  <testcase name="searchHotel" time="15.225" classname="com.phpTravels.PHPTravels.SearchHotel2"/>
</testsuite> <!-- com.phpTravels.PHPTravels.SearchHotel2 -->
