<?xml version="1.0" encoding="UTF-8"?>
<!-- Generated by org.testng.reporters.JUnitReportReporter -->
<testsuite skipped="0" hostname="Yvonnes-MacBook-Pro.local" name="com.phpTravels.qa.testcases.SearchHotels" tests="1" failures="0" timestamp="24 Apr 2018 16:17:52 GMT" time="19.705" errors="0">
  <testcase name="searchHotel" time="19.705" classname="com.phpTravels.qa.testcases.SearchHotels"/>
</testsuite> <!-- com.phpTravels.qa.testcases.SearchHotels -->
